<?xml version="1.0" encoding="UTF-8"?>
<testsuite name="guru.xel.FileTest" tests="1" skipped="0" failures="0" errors="0" timestamp="2022-10-05T18:04:06" hostname="DESKTOP-0J1TP53" time="0.065">
  <properties/>
  <testcase name="ZipCsv test" classname="guru.xel.FileTest" time="0.065"/>
  <system-out><![CDATA[]]></system-out>
  <system-err><![CDATA[]]></system-err>
</testsuite>
